<?xml version="1.0" encoding="UTF-8"?>
<!-- Generated by org.testng.reporters.JUnitReportReporter -->
<testsuite skipped="0" hostname="LAPTOP-7BILRHNT" name="io.github.madhank93.selenium_maven_travisci.SimpleTest" tests="2" failures="0" timestamp="2020-05-16T17:50:29 IST" time="10.550" errors="0">
  <testcase name="test" time="10.281" classname="io.github.madhank93.selenium_maven_travisci.SimpleTest"/>
  <system-out/>
  <testcase name="screenshot" time="0.269" classname="io.github.madhank93.selenium_maven_travisci.SimpleTest"/>
  <system-out/>
</testsuite> <!-- io.github.madhank93.selenium_maven_travisci.SimpleTest -->
