<?xml version="1.0" encoding="UTF-8"?>
<!-- Generated by org.testng.reporters.JUnitReportReporter -->
<testsuite hostname="ASMP002.local" failures="0" tests="1" name="io.github.madhank93.selenium_maven_travisci.GoogleTest" time="2.798" errors="0" timestamp="2020-05-06T18:36:29 IST" skipped="0">
  <testcase classname="io.github.madhank93.selenium_maven_travisci.GoogleTest" name="test" time="2.798"/>
  <system-out/>
</testsuite> <!-- io.github.madhank93.selenium_maven_travisci.GoogleTest -->
