<?xml version="1.0" encoding="UTF-8"?>
<!-- Generated by org.testng.reporters.JUnitReportReporter -->
<testsuite skipped="0" hostname="LAPTOP-7BILRHNT" name="io.github.madhank93.selenium_maven_travisci.GoogleTest" tests="1" failures="0" timestamp="2020-05-16T16:44:20 IST" time="16.413" errors="0">
  <testcase name="test" time="16.413" classname="io.github.madhank93.selenium_maven_travisci.GoogleTest"/>
  <system-out/>
</testsuite> <!-- io.github.madhank93.selenium_maven_travisci.GoogleTest -->
